<?xml version="1.0" encoding="UTF-8"?>
<!-- Generated by org.testng.reporters.JUnitXMLReporter -->
<testsuite ignored="0" hostname="DESKTOP-UGOB8EB" failures="1" tests="1" name="Test" time="5.854" errors="0" timestamp="2025-01-07T00:00:56 CST">
  <testcase classname="com.vamega.LoginTest" name="verifyUserLoginWithCorrectCredentials" time="2.212">
    <failure type="java.lang.AssertionError" message="expected [GTPL Bank Manage HomePage] but found [GTPL Bank Manager HomePage]">
      <![CDATA[java.lang.AssertionError: expected [GTPL Bank Manage HomePage] but found [GTPL Bank Manager HomePage]
at com.vamega.LoginTest.verifyUserLoginWithCorrectCredentials(LoginTest.java:27)
at java.base/java.util.ArrayList.forEach(ArrayList.java:1596)
... Removed 31 stack frames]]>
    </failure>
  </testcase> <!-- verifyUserLoginWithCorrectCredentials -->
</testsuite> <!-- Test -->
